INFO:root:Testing Loggings
ERROR:root:Exception in main()
Traceback (most recent call last):
  File "<ipython-input-2-209804a86e46>", line 14, in <module>
    exit(main())
NameError: name 'main' is not defined
INFO:root:train Dataset read successfully
INFO:root:test Dataset read successfully
INFO:root:sample_submission Dataset read successfully
INFO:root:store Dataset read successfully
INFO:root:train Dataset read successfully
INFO:root:store Dataset read successfully
INFO:root:test Dataset read successfully
INFO:root:sample_submission Dataset read successfully
INFO:root:Getting Null values, Execution successfuly
INFO:root:Getting Null values, Execution successfuly
INFO:root:Getting start and End date successfully
INFO:root:Getting start and End date successfully
INFO:root: Joining          Store  DayOfWeek        Date  Sales  Customers  Open  Promo  \
0            1          5  2015-07-31   5263        555     1      1   
1            2          5  2015-07-31   6064        625     1      1   
2            3          5  2015-07-31   8314        821     1      1   
3            4          5  2015-07-31  13995       1498     1      1   
4            5          5  2015-07-31   4822        559     1      1   
...        ...        ...         ...    ...        ...   ...    ...   
1017204   1111          2  2013-01-01      0          0     0      0   
1017205   1112          2  2013-01-01      0          0     0      0   
1017206   1113          2  2013-01-01      0          0     0      0   
1017207   1114          2  2013-01-01      0          0     0      0   
1017208   1115          2  2013-01-01      0          0     0      0   

        StateHoliday  SchoolHoliday  
0                  0              1  
1                  0              1  
2                  0              1  
3                  0              1  
4                  0              1  
...              ...            ...  
1017204            a              1  
1017205            a              1  
1017206            a              1  
1017207            a              1  
1017208            a              1  

[1017209 rows x 9 columns] and       Store StoreType Assortment  CompetitionDistance  \
0         1         c          a               1270.0   
1         2         a          a                570.0   
2         3         a          a              14130.0   
3         4         c          c                620.0   
4         5         a          a              29910.0   
...     ...       ...        ...                  ...   
1110   1111         a          a               1900.0   
1111   1112         c          c               1880.0   
1112   1113         a          c               9260.0   
1113   1114         a          c                870.0   
1114   1115         d          c               5350.0   

      CompetitionOpenSinceMonth  CompetitionOpenSinceYear  Promo2  \
0                           9.0                    2008.0       0   
1                          11.0                    2007.0       1   
2                          12.0                    2006.0       1   
3                           9.0                    2009.0       0   
4                           4.0                    2015.0       0   
...                         ...                       ...     ...   
1110                        6.0                    2014.0       1   
1111                        4.0                    2006.0       0   
1112                        NaN                       NaN       0   
1113                        NaN                       NaN       0   
1114                        NaN                       NaN       1   

      Promo2SinceWeek  Promo2SinceYear     PromoInterval  
0                 NaN              NaN               NaN  
1                13.0           2010.0   Jan,Apr,Jul,Oct  
2                14.0           2011.0   Jan,Apr,Jul,Oct  
3                 NaN              NaN               NaN  
4                 NaN              NaN               NaN  
...               ...              ...               ...  
1110             31.0           2013.0   Jan,Apr,Jul,Oct  
1111              NaN              NaN               NaN  
1112              NaN              NaN               NaN  
1113              NaN              NaN               NaN  
1114             22.0           2012.0  Mar,Jun,Sept,Dec  

[1115 rows x 10 columns] datasets successfully
INFO:root:Dataset Normalizing successfully
INFO:root:Dropping some columns in dataset successfully
INFO:numexpr.utils:NumExpr defaulting to 4 threads.
INFO:root:Getting days of the week where by the store are open, successfully
INFO:root:Getting days of the week where by the store are open, successfully
INFO:root:Getting days of the week where by the store are open, successfully
INFO:root:Getting days of the week where by the store are open, successfully
